00:28:19.643 [main                     ] DEBUG Logger               - Configured Logger
00:28:19.663 [main                     ] DEBUG GameApplication      - Logging settings
Title: Untitled
Version: 0.0
Width: 900
Height: 600
Fullscreen: false
Intro: false
Profiling: false
Single step:false
App Mode: DEVELOPER
Menu Key: ESCAPE
Stage Style: DECORATED
Scene Factory: class com.github.codestorm.bounceverse.BounceVerseApp$1

00:28:19.978 [JavaFX Application Thread] DEBUG FXGLApplication      - Initializing FXGL
00:28:19.980 [JavaFX Application Thread] INFO  Engine               - FXGL-21.1 (27.03.2024 07.52) on WINDOWS (J:21.0.8 FX:21.0.3)
00:28:19.981 [JavaFX Application Thread] DEBUG Engine               - JRE Vendor Name: Eclipse Adoptium
00:28:19.981 [JavaFX Application Thread] DEBUG Engine               - Running on OS: Windows 11 version 10.0
00:28:19.981 [JavaFX Application Thread] DEBUG Engine               - Architecture: amd64
00:28:19.981 [JavaFX Application Thread] INFO  Engine               - Source code and latest versions at: https://github.com/AlmasB/FXGL
00:28:19.981 [JavaFX Application Thread] INFO  Engine               -       Ask questions and discuss at: https://github.com/AlmasB/FXGL/discussions
00:28:19.981 [JavaFX Application Thread] INFO  Engine               -              Join the FXGL chat at: https://gitter.im/AlmasB/FXGL
00:28:20.063 [JavaFX Application Thread] DEBUG PrimaryStageWindow   - Creating a JavaFX scene
00:28:20.096 [JavaFX Application Thread] DEBUG PrimaryStageWindow   - Target settings size: 900.0 x 600.0
00:28:20.096 [JavaFX Application Thread] DEBUG PrimaryStageWindow   - Scaled scene size:    900.0 x 600.0
00:28:20.096 [JavaFX Application Thread] DEBUG PrimaryStageWindow   - Scaled ratio: (1.0, 1.0)
00:28:20.097 [JavaFX Application Thread] DEBUG PrimaryStageWindow   - Set initial scene to FXGLStartupScene
00:28:20.099 [JavaFX Application Thread] DEBUG PrimaryStageWindow   - Opening main window
00:28:20.158 [JavaFX Application Thread] DEBUG PrimaryStageWindow   - Window border size: (16.0, 39.0)
00:28:20.158 [JavaFX Application Thread] DEBUG PrimaryStageWindow   - Scaled size: 900.0 x 600.0
00:28:20.158 [JavaFX Application Thread] DEBUG PrimaryStageWindow   - Scaled ratio: (1.0, 1.0)
00:28:20.158 [JavaFX Application Thread] DEBUG PrimaryStageWindow   - Scene size: 900.0 x 600.0
00:28:20.158 [JavaFX Application Thread] DEBUG PrimaryStageWindow   - Stage size: 916.0 x 639.0
00:28:20.162 [FXGL Background Thread 1 ] DEBUG Engine               - Initializing environment variables
00:28:20.201 [FXGL Background Thread 1 ] DEBUG FXGLAssetLoaderServi - User app class for loading assets: class com.github.codestorm.bounceverse.BounceVerseApp
00:28:20.201 [FXGL Background Thread 1 ] DEBUG GameApplicationServi - Applying CSS: fxgl_dark.css
00:28:20.202 [FXGL Background Thread 1 ] DEBUG FXGLAssetLoaderServi - Loading from file system: jar:file:/C:/Users/ADMIN/.gradle/caches/modules-2/files-2.1/com.github.almasb/fxgl/21.1/88c288ebc8641e470d974327703f09f8958e725d/fxgl-21.1.jar!/fxglassets/ui/css/fxgl_dark.css
00:28:20.230 [FXGL Background Thread 1 ] DEBUG GameApplicationServi - Initializing application scenes
00:28:20.266 [FXGL Background Thread 1 ] DEBUG GameWorld            - Game world initialized
00:28:20.315 [FXGL Background Thread 1 ] DEBUG PhysicsWorld         - Physics world initialized: appHeight=600, physics.ppm=50,0
00:28:20.316 [FXGL Background Thread 1 ] DEBUG PhysicsWorld         - Using strategy: BRUTE_FORCE
00:28:20.318 [FXGL Background Thread 1 ] DEBUG GameScene            - Game scene initialized: 900x600
00:28:20.325 [FXGL Background Thread 1 ] DEBUG FXGL.DefaultMenu     - createMenuBodyGameMenu()
00:28:20.336 [FXGL Background Thread 1 ] DEBUG FXGL.DefaultMenu     - createOptionsMenu()
00:28:20.342 [FXGL Background Thread 1 ] DEBUG FXGLAssetLoaderServi - Loading from file system: jar:file:/C:/Users/ADMIN/.gradle/caches/modules-2/files-2.1/com.github.almasb/fxgl/21.1/88c288ebc8641e470d974327703f09f8958e725d/fxgl-21.1.jar!/fxglassets/textures/particles/smoke.png
00:28:20.428 [FXGL Background Thread 1 ] DEBUG FXGLAssetLoaderServi - Loading from file system: jar:file:/C:/Users/ADMIN/.gradle/caches/modules-2/files-2.1/com.github.almasb/fxgl/21.1/88c288ebc8641e470d974327703f09f8958e725d/fxgl-21.1.jar!/fxglassets/textures/particles/trace_horizontal.png
00:28:20.446 [FXGL Background Thread 1 ] DEBUG GameApplicationServi - Application scenes initialized
00:28:20.456 [FXGL Background Thread 1 ] DEBUG SystemBundleService  - Loading FXGL system data
00:28:20.461 [FXGL Background Thread 1 ] DEBUG FileSystemAccess     - Reading from: c:\Users\ADMIN\Documents\bounceverse\system\fxgl.bundle
00:28:20.469 [FXGL Background Thread 1 ] DEBUG SystemBundleService  - Bundle FXGL: {}
00:28:20.469 [FXGL Background Thread 1 ] DEBUG UpdaterService       - Checking for updates
00:28:20.472 [FXGL Background Thread 4 ] DEBUG FXGLApplication      - Loading fonts
00:28:20.473 [FXGL Background Thread 4 ] DEBUG FXGLAssetLoaderServi - Loading from file system: jar:file:/C:/Users/ADMIN/.gradle/caches/modules-2/files-2.1/com.github.almasb/fxgl/21.1/88c288ebc8641e470d974327703f09f8958e725d/fxgl-21.1.jar!/fxglassets/ui/fonts/VarelaRound-Regular.ttf
00:28:20.473 [FXGL Background Thread 1 ] DEBUG FXGLApplication      - Loading default localization
00:28:20.473 [FXGL Background Thread 1 ] DEBUG FXGLAssetLoaderServi - Loading from file system: jar:file:/C:/Users/ADMIN/.gradle/caches/modules-2/files-2.1/com.github.almasb/fxgl/21.1/88c288ebc8641e470d974327703f09f8958e725d/fxgl-21.1.jar!/fxglassets/languages/english.lang
00:28:20.496 [FXGL Background Thread 1 ] INFO  FXGLApplication      - FXGL initialization took: 0,333 sec
00:28:20.505 [JavaFX Application Thread] DEBUG Input                - Registered new binding: action0 - A
00:28:20.506 [JavaFX Application Thread] DEBUG Input                - Registered new binding: action1 - D
00:28:20.506 [JavaFX Application Thread] DEBUG Input                - Registered new binding: action2 - Left
00:28:20.506 [JavaFX Application Thread] DEBUG Input                - Registered new binding: action3 - Right
00:28:20.507 [JavaFX Application Thread] DEBUG FXGLAssetLoaderServi - Loading from file system: jar:file:/C:/Users/ADMIN/.gradle/caches/modules-2/files-2.1/com.github.almasb/fxgl/21.1/88c288ebc8641e470d974327703f09f8958e725d/fxgl-21.1.jar!/fxglassets/textures/fxgl_icon.png
00:28:20.511 [FXGL Background Thread 4 ] DEBUG FXGLAssetLoaderServi - Loading from file system: jar:file:/C:/Users/ADMIN/.gradle/caches/modules-2/files-2.1/com.github.almasb/fxgl/21.1/88c288ebc8641e470d974327703f09f8958e725d/fxgl-21.1.jar!/fxglassets/ui/fonts/Abel-Regular.ttf
00:28:20.519 [JavaFX Application Thread] DEBUG FXGLAssetLoaderServi - Loading from file system: jar:file:/C:/Users/ADMIN/.gradle/caches/modules-2/files-2.1/com.github.almasb/fxgl/21.1/88c288ebc8641e470d974327703f09f8958e725d/fxgl-21.1.jar!/fxglassets/textures/fxgl_default_cursor.png
00:28:20.521 [JavaFX Application Thread] DEBUG Input                - Registered new binding: Screenshot - CTRL+8
00:28:20.521 [JavaFX Application Thread] DEBUG Input                - Registered new binding: System info dump - CTRL+9
00:28:20.523 [JavaFX Application Thread] DEBUG Input                - Registered new binding: Restart - CTRL+R
00:28:20.523 [JavaFX Application Thread] DEBUG Input                - Registered new binding: Toggle Debug Camera - CTRL+7
00:28:20.524 [FXGL Background Thread 4 ] DEBUG FXGLAssetLoaderServi - Loading from file system: jar:file:/C:/Users/ADMIN/.gradle/caches/modules-2/files-2.1/com.github.almasb/fxgl/21.1/88c288ebc8641e470d974327703f09f8958e725d/fxgl-21.1.jar!/fxglassets/ui/fonts/TerminalLandMono-Regular.otf
00:28:20.526 [JavaFX Application Thread] DEBUG LoopRunner           - Starting loop
00:28:20.526 [JavaFX Application Thread] DEBUG LoopRunner           - Initializing JavaFX AnimationTimerLoop
00:28:20.527 [JavaFX Application Thread] DEBUG GameApplicationServi - Starting new game
00:28:20.528 [JavaFX Application Thread] DEBUG Input                - Clearing active input actions
00:28:20.535 [FXGL Background Thread 4 ] DEBUG FXGLAssetLoaderServi - Loading from file system: jar:file:/C:/Users/ADMIN/.gradle/caches/modules-2/files-2.1/com.github.almasb/fxgl/21.1/88c288ebc8641e470d974327703f09f8958e725d/fxgl-21.1.jar!/fxglassets/ui/fonts/Courier-Prime.ttf
00:28:20.540 [JavaFX Application Thread] DEBUG GameApplicationServi - Removing overlay from FXGLStartupScene and adding to FXGLLoadingScene
00:28:20.540 [JavaFX Application Thread] DEBUG PrimaryStageWindow   - FXGLStartupScene -> FXGLLoadingScene
00:28:20.540 [JavaFX Application Thread] DEBUG GameApplicationServi - Clearing previous game
00:28:20.540 [JavaFX Application Thread] DEBUG GameScene            - Clearing game scene
00:28:20.540 [JavaFX Application Thread] DEBUG GameWorld            - Clearing game world
00:28:20.541 [JavaFX Application Thread] DEBUG PhysicsWorld         - Clearing physics world
00:28:20.542 [FXGL Background Thread 1 ] DEBUG FXGLApplication      - Initializing game
00:28:20.592 [JavaFX Application Thread] DEBUG FXGLApplication      - Registering font factories with UI factory
00:28:20.593 [FXGL Background Thread 1 ] INFO  FXGLApplication      - Game initialization took: 0,051 sec
00:28:20.656 [JavaFX Application Thread] DEBUG Input                - Clearing active input actions
00:28:20.661 [JavaFX Application Thread] DEBUG GameApplicationServi - Removing overlay from FXGLLoadingScene and adding to GameScene
00:28:20.661 [JavaFX Application Thread] DEBUG PrimaryStageWindow   - FXGLLoadingScene -> GameScene
00:28:23.472 [FXGL Background Thread 3 ] DEBUG Engine               - Logging environment variables
00:28:23.473 [FXGL Background Thread 3 ] DEBUG Engine               - achievements: []
00:28:23.473 [FXGL Background Thread 3 ] DEBUG Engine               - actualHeight: 600.0
00:28:23.473 [FXGL Background Thread 3 ] DEBUG Engine               - actualHeightProperty: ReadOnlyDoubleProperty [value: 600.0]
00:28:23.473 [FXGL Background Thread 3 ] DEBUG Engine               - actualWidth: 900.0
00:28:23.473 [FXGL Background Thread 3 ] DEBUG Engine               - actualWidthProperty: ReadOnlyDoubleProperty [value: 900.0]
00:28:23.473 [FXGL Background Thread 3 ] DEBUG Engine               - appIcon: fxgl_icon.png
00:28:23.473 [FXGL Background Thread 3 ] DEBUG Engine               - applicationMode: DEVELOPER
00:28:23.473 [FXGL Background Thread 3 ] DEBUG Engine               - cSSList: [fxgl_dark.css]
00:28:23.473 [FXGL Background Thread 3 ] DEBUG Engine               - collisionDetectionStrategy: BRUTE_FORCE
00:28:23.474 [FXGL Background Thread 3 ] DEBUG Engine               - configClass: Optional.empty
00:28:23.474 [FXGL Background Thread 3 ] DEBUG Engine               - credits: []
00:28:23.474 [FXGL Background Thread 3 ] DEBUG Engine               - defaultCursor: CursorInfo(imageName=fxgl_default_cursor.png, hotspotX=7.0, hotspotY=6.0)
00:28:23.474 [FXGL Background Thread 3 ] DEBUG Engine               - devBBoxColorProperty: ObjectProperty [value: 0xff0000ff]
00:28:23.475 [FXGL Background Thread 3 ] DEBUG Engine               - devEnableDebugCameraProperty: BooleanProperty [value: false]
00:28:23.475 [FXGL Background Thread 3 ] DEBUG Engine               - devSensorColorProperty: ObjectProperty [value: 0xffff00ff]
00:28:23.475 [FXGL Background Thread 3 ] DEBUG Engine               - devShowBBoxProperty: BooleanProperty [value: false]
00:28:23.475 [FXGL Background Thread 3 ] DEBUG Engine               - devShowPositionProperty: BooleanProperty [value: false]
00:28:23.475 [FXGL Background Thread 3 ] DEBUG Engine               - enabledMenuItems: []
00:28:23.475 [FXGL Background Thread 3 ] DEBUG Engine               - engineServices: [class com.almasb.fxgl.app.services.FXGLAssetLoaderService, class com.almasb.fxgl.app.FXGLApplication$GameApplicationService, class com.almasb.fxgl.app.services.FXGLDialogService, class com.almasb.fxgl.app.services.IOTaskExecutorService, class com.almasb.fxgl.io.FileSystemService, class com.almasb.fxgl.localization.LocalizationService, class com.almasb.fxgl.app.services.SystemBundleService, class com.almasb.fxgl.profile.SaveLoadService, class com.almasb.fxgl.ui.FXGLUIFactoryServiceProvider, class com.almasb.fxgl.ui.FXGLDialogFactoryServiceProvider, class com.almasb.fxgl.audio.AudioPlayer, class com.almasb.fxgl.notification.impl.NotificationServiceProvider, class com.almasb.fxgl.achievement.AchievementService, class com.almasb.fxgl.cutscene.CutsceneService, class com.almasb.fxgl.minigames.MiniGameService, class com.almasb.fxgl.net.NetService, class com.almasb.fxgl.app.services.UpdaterService, class com.almasb.fxgl.dev.DevService]
00:28:23.475 [FXGL Background Thread 3 ] DEBUG Engine               - fontGame: Abel-Regular.ttf
00:28:23.475 [FXGL Background Thread 3 ] DEBUG Engine               - fontMono: TerminalLandMono-Regular.otf
00:28:23.476 [FXGL Background Thread 3 ] DEBUG Engine               - fontSizeScaleUI: 1.0
00:28:23.476 [FXGL Background Thread 3 ] DEBUG Engine               - fontText: Courier-Prime.ttf
00:28:23.476 [FXGL Background Thread 3 ] DEBUG Engine               - fontUI: VarelaRound-Regular.ttf
00:28:23.476 [FXGL Background Thread 3 ] DEBUG Engine               - fullScreen: BooleanProperty [value: false]
00:28:23.476 [FXGL Background Thread 3 ] DEBUG Engine               - gameDifficulty: MEDIUM
00:28:23.476 [FXGL Background Thread 3 ] DEBUG Engine               - gameDifficultyProperty: ObjectProperty [value: MEDIUM]
00:28:23.476 [FXGL Background Thread 3 ] DEBUG Engine               - globalMusicVolume: 0.5
00:28:23.476 [FXGL Background Thread 3 ] DEBUG Engine               - globalMusicVolumeProperty: DoubleProperty [value: 0.5]
00:28:23.476 [FXGL Background Thread 3 ] DEBUG Engine               - globalSoundVolume: 0.5
00:28:23.476 [FXGL Background Thread 3 ] DEBUG Engine               - globalSoundVolumeProperty: DoubleProperty [value: 0.5]
00:28:23.476 [FXGL Background Thread 3 ] DEBUG Engine               - height: 600
00:28:23.476 [FXGL Background Thread 3 ] DEBUG Engine               - is3D: false
00:28:23.476 [FXGL Background Thread 3 ] DEBUG Engine               - isAndroid: false
00:28:23.476 [FXGL Background Thread 3 ] DEBUG Engine               - isBrowser: false
00:28:23.476 [FXGL Background Thread 3 ] DEBUG Engine               - isClickFeedbackEnabled: false
00:28:23.476 [FXGL Background Thread 3 ] DEBUG Engine               - isCloseConfirmation: false
00:28:23.476 [FXGL Background Thread 3 ] DEBUG Engine               - isDesktop: true
00:28:23.476 [FXGL Background Thread 3 ] DEBUG Engine               - isDeveloperMenuEnabled: false
00:28:23.476 [FXGL Background Thread 3 ] DEBUG Engine               - isEmbedded: false
00:28:23.476 [FXGL Background Thread 3 ] DEBUG Engine               - isEntityPreloadEnabled: true
00:28:23.476 [FXGL Background Thread 3 ] DEBUG Engine               - isExperimentalTiledLargeMap: false
00:28:23.477 [FXGL Background Thread 3 ] DEBUG Engine               - isFileSystemWriteAllowed: true
00:28:23.477 [FXGL Background Thread 3 ] DEBUG Engine               - isFullScreenAllowed: false
00:28:23.477 [FXGL Background Thread 3 ] DEBUG Engine               - isFullScreenFromStart: false
00:28:23.477 [FXGL Background Thread 3 ] DEBUG Engine               - isGameMenuEnabled: true
00:28:23.477 [FXGL Background Thread 3 ] DEBUG Engine               - isIOS: false
00:28:23.477 [FXGL Background Thread 3 ] DEBUG Engine               - isIntroEnabled: false
00:28:23.477 [FXGL Background Thread 3 ] DEBUG Engine               - isLinux: false
00:28:23.477 [FXGL Background Thread 3 ] DEBUG Engine               - isMac: false
00:28:23.477 [FXGL Background Thread 3 ] DEBUG Engine               - isMainMenuEnabled: false
00:28:23.477 [FXGL Background Thread 3 ] DEBUG Engine               - isManualResizeEnabled: false
00:28:23.477 [FXGL Background Thread 3 ] DEBUG Engine               - isMobile: false
00:28:23.477 [FXGL Background Thread 3 ] DEBUG Engine               - isNative: false
00:28:23.478 [FXGL Background Thread 3 ] DEBUG Engine               - isPauseMusicWhenMinimized: true
00:28:23.478 [FXGL Background Thread 3 ] DEBUG Engine               - isPreserveResizeRatio: false
00:28:23.478 [FXGL Background Thread 3 ] DEBUG Engine               - isProfilingEnabled: false
00:28:23.478 [FXGL Background Thread 3 ] DEBUG Engine               - isScaleAffectedOnResize: true
00:28:23.478 [FXGL Background Thread 3 ] DEBUG Engine               - isSingleStep: false
00:28:23.478 [FXGL Background Thread 3 ] DEBUG Engine               - isUserProfileEnabled: false
00:28:23.478 [FXGL Background Thread 3 ] DEBUG Engine               - isWindows: true
00:28:23.478 [FXGL Background Thread 3 ] DEBUG Engine               - language: ObjectProperty [value: ENGLISH]
00:28:23.478 [FXGL Background Thread 3 ] DEBUG Engine               - menuKey: ESCAPE
00:28:23.478 [FXGL Background Thread 3 ] DEBUG Engine               - mouseSensitivity: 0.2
00:28:23.478 [FXGL Background Thread 3 ] DEBUG Engine               - notificationViewClass: class com.almasb.fxgl.notification.view.XboxNotificationView
00:28:23.478 [FXGL Background Thread 3 ] DEBUG Engine               - pixelsPerMeter: 50.0
00:28:23.478 [FXGL Background Thread 3 ] DEBUG Engine               - platform: WINDOWS
00:28:23.478 [FXGL Background Thread 3 ] DEBUG Engine               - prefHeightProperty: ReadOnlyDoubleProperty [value: 600.0]
00:28:23.478 [FXGL Background Thread 3 ] DEBUG Engine               - prefWidthProperty: ReadOnlyDoubleProperty [value: 900.0]
00:28:23.478 [FXGL Background Thread 3 ] DEBUG Engine               - profileDir: profiles/
00:28:23.478 [FXGL Background Thread 3 ] DEBUG Engine               - profileName: StringProperty [value: DEFAULT]
00:28:23.479 [FXGL Background Thread 3 ] DEBUG Engine               - randomSeed: -1
00:28:23.479 [FXGL Background Thread 3 ] DEBUG Engine               - runtimeInfo: RuntimeInfo(platform=WINDOWS, version=21.1, build=27.03.2024 07.52)
00:28:23.479 [FXGL Background Thread 3 ] DEBUG Engine               - saveFileExt: sav
00:28:23.479 [FXGL Background Thread 3 ] DEBUG Engine               - scaledHeightProp$fxgl: DoubleProperty [bound, value: 600.0]
00:28:23.479 [FXGL Background Thread 3 ] DEBUG Engine               - scaledWidthProp$fxgl: DoubleProperty [bound, value: 900.0]
00:28:23.479 [FXGL Background Thread 3 ] DEBUG Engine               - sceneFactory: com.github.codestorm.bounceverse.BounceVerseApp$1@1ff824d5
00:28:23.479 [FXGL Background Thread 3 ] DEBUG Engine               - secondsIn24h: 60
00:28:23.479 [FXGL Background Thread 3 ] DEBUG Engine               - soundMenuBack: menu/back.wav
00:28:23.479 [FXGL Background Thread 3 ] DEBUG Engine               - soundMenuPress: menu/press.wav
00:28:23.479 [FXGL Background Thread 3 ] DEBUG Engine               - soundMenuSelect: menu/select.wav
00:28:23.479 [FXGL Background Thread 3 ] DEBUG Engine               - soundNotification: core/notification.wav
00:28:23.479 [FXGL Background Thread 3 ] DEBUG Engine               - stageStyle: DECORATED
00:28:23.479 [FXGL Background Thread 3 ] DEBUG Engine               - supportedLanguages: [ENGLISH, FRENCH, GERMAN, HUNGARIAN, RUSSIAN]
00:28:23.479 [FXGL Background Thread 3 ] DEBUG Engine               - ticksPerSecond: -1
00:28:23.479 [FXGL Background Thread 3 ] DEBUG Engine               - title: Untitled
00:28:23.479 [FXGL Background Thread 3 ] DEBUG Engine               - urlGithub: https://github.com/AlmasB/FXGL
00:28:23.479 [FXGL Background Thread 3 ] DEBUG Engine               - urlLeaderboard: http://fxgl-top.herokuapp.com/
00:28:23.479 [FXGL Background Thread 3 ] DEBUG Engine               - urlPOM: https://raw.githubusercontent.com/AlmasB/FXGL/release/README.md
00:28:23.479 [FXGL Background Thread 3 ] DEBUG Engine               - userAppClass: class com.github.codestorm.bounceverse.BounceVerseApp
00:28:23.479 [FXGL Background Thread 3 ] DEBUG Engine               - version: 0.0
00:28:23.479 [FXGL Background Thread 3 ] DEBUG Engine               - versionCheckDays: 7
00:28:23.479 [FXGL Background Thread 3 ] DEBUG Engine               - width: 900
00:28:23.480 [FXGL Background Thread 3 ] DEBUG Engine               - Logging services
00:28:23.480 [FXGL Background Thread 3 ] DEBUG Engine               - class com.almasb.fxgl.app.services.FXGLAssetLoaderService
00:28:23.480 [FXGL Background Thread 3 ] DEBUG Engine               - class com.almasb.fxgl.app.FXGLApplication$GameApplicationService
00:28:23.480 [FXGL Background Thread 3 ] DEBUG Engine               - class com.almasb.fxgl.app.services.FXGLDialogService
00:28:23.480 [FXGL Background Thread 3 ] DEBUG Engine               - class com.almasb.fxgl.app.services.IOTaskExecutorService
00:28:23.480 [FXGL Background Thread 3 ] DEBUG Engine               - class com.almasb.fxgl.io.FileSystemService
00:28:23.480 [FXGL Background Thread 3 ] DEBUG Engine               - class com.almasb.fxgl.localization.LocalizationService
00:28:23.480 [FXGL Background Thread 3 ] DEBUG Engine               - class com.almasb.fxgl.app.services.SystemBundleService
00:28:23.480 [FXGL Background Thread 3 ] DEBUG Engine               - class com.almasb.fxgl.profile.SaveLoadService
00:28:23.480 [FXGL Background Thread 3 ] DEBUG Engine               - class com.almasb.fxgl.ui.FXGLUIFactoryServiceProvider
00:28:23.480 [FXGL Background Thread 3 ] DEBUG Engine               - class com.almasb.fxgl.ui.FXGLDialogFactoryServiceProvider
00:28:23.480 [FXGL Background Thread 3 ] DEBUG Engine               - class com.almasb.fxgl.audio.AudioPlayer
00:28:23.480 [FXGL Background Thread 3 ] DEBUG Engine               - class com.almasb.fxgl.notification.impl.NotificationServiceProvider
00:28:23.480 [FXGL Background Thread 3 ] DEBUG Engine               - class com.almasb.fxgl.achievement.AchievementService
00:28:23.480 [FXGL Background Thread 3 ] DEBUG Engine               - class com.almasb.fxgl.cutscene.CutsceneService
00:28:23.480 [FXGL Background Thread 3 ] DEBUG Engine               - class com.almasb.fxgl.minigames.MiniGameService
00:28:23.480 [FXGL Background Thread 3 ] DEBUG Engine               - class com.almasb.fxgl.net.NetService
00:28:23.480 [FXGL Background Thread 3 ] DEBUG Engine               - class com.almasb.fxgl.app.services.UpdaterService
00:28:23.480 [FXGL Background Thread 3 ] DEBUG Engine               - class com.almasb.fxgl.dev.DevService
00:28:38.266 [JavaFX Application Thread] DEBUG FXGLApplication      - Exiting FXGL
00:28:38.266 [JavaFX Application Thread] DEBUG LoopRunner           - Stopping loop
00:28:38.266 [JavaFX Application Thread] DEBUG SystemBundleService  - Saving FXGL system data
00:28:38.268 [JavaFX Application Thread] DEBUG FileSystemAccess     - Writing to: c:\Users\ADMIN\Documents\bounceverse\system\fxgl.bundle
00:28:38.269 [JavaFX Application Thread] DEBUG Async                - Shutting down background threads
00:28:38.270 [JavaFX Application Thread] DEBUG PrimaryStageWindow   - Closing main window
00:28:38.281 [JavaFX Application Thread] DEBUG Logger               - Closing Logger
