23:49:09.070 [main                     ] DEBUG Logger               - Configured Logger
23:49:09.088 [main                     ] DEBUG GameApplication      - Logging settings
Title: Untitled
Version: 0.0
Width: 900
Height: 600
Fullscreen: false
Intro: false
Profiling: false
Single step:false
App Mode: DEVELOPER
Menu Key: ESCAPE
Stage Style: DECORATED
Scene Factory: class com.github.codestorm.bounceverse.BounceVerseApp$1

23:49:09.406 [JavaFX Application Thread] DEBUG FXGLApplication      - Initializing FXGL
23:49:09.409 [JavaFX Application Thread] INFO  Engine               - FXGL-21.1 (27.03.2024 07.52) on WINDOWS (J:21.0.8 FX:21.0.3)
23:49:09.409 [JavaFX Application Thread] DEBUG Engine               - JRE Vendor Name: Eclipse Adoptium
23:49:09.409 [JavaFX Application Thread] DEBUG Engine               - Running on OS: Windows 11 version 10.0
23:49:09.409 [JavaFX Application Thread] DEBUG Engine               - Architecture: amd64
23:49:09.409 [JavaFX Application Thread] INFO  Engine               - Source code and latest versions at: https://github.com/AlmasB/FXGL
23:49:09.410 [JavaFX Application Thread] INFO  Engine               -       Ask questions and discuss at: https://github.com/AlmasB/FXGL/discussions
23:49:09.410 [JavaFX Application Thread] INFO  Engine               -              Join the FXGL chat at: https://gitter.im/AlmasB/FXGL
23:49:09.476 [JavaFX Application Thread] DEBUG PrimaryStageWindow   - Creating a JavaFX scene
23:49:09.510 [JavaFX Application Thread] DEBUG PrimaryStageWindow   - Target settings size: 900.0 x 600.0
23:49:09.511 [JavaFX Application Thread] DEBUG PrimaryStageWindow   - Scaled scene size:    900.0 x 600.0
23:49:09.511 [JavaFX Application Thread] DEBUG PrimaryStageWindow   - Scaled ratio: (1.0, 1.0)
23:49:09.511 [JavaFX Application Thread] DEBUG PrimaryStageWindow   - Set initial scene to FXGLStartupScene
23:49:09.514 [JavaFX Application Thread] DEBUG PrimaryStageWindow   - Opening main window
23:49:09.576 [JavaFX Application Thread] DEBUG PrimaryStageWindow   - Window border size: (16.0, 39.0)
23:49:09.576 [JavaFX Application Thread] DEBUG PrimaryStageWindow   - Scaled size: 900.0 x 600.0
23:49:09.576 [JavaFX Application Thread] DEBUG PrimaryStageWindow   - Scaled ratio: (1.0, 1.0)
23:49:09.576 [JavaFX Application Thread] DEBUG PrimaryStageWindow   - Scene size: 900.0 x 600.0
23:49:09.576 [JavaFX Application Thread] DEBUG PrimaryStageWindow   - Stage size: 916.0 x 639.0
23:49:09.581 [FXGL Background Thread 1 ] DEBUG Engine               - Initializing environment variables
23:49:09.623 [FXGL Background Thread 1 ] DEBUG FXGLAssetLoaderServi - User app class for loading assets: class com.github.codestorm.bounceverse.BounceVerseApp
23:49:09.623 [FXGL Background Thread 1 ] DEBUG GameApplicationServi - Applying CSS: fxgl_dark.css
23:49:09.624 [FXGL Background Thread 1 ] DEBUG FXGLAssetLoaderServi - Loading from file system: jar:file:/C:/Users/ADMIN/.gradle/caches/modules-2/files-2.1/com.github.almasb/fxgl/21.1/88c288ebc8641e470d974327703f09f8958e725d/fxgl-21.1.jar!/fxglassets/ui/css/fxgl_dark.css
23:49:09.651 [FXGL Background Thread 1 ] DEBUG GameApplicationServi - Initializing application scenes
23:49:09.688 [FXGL Background Thread 1 ] DEBUG GameWorld            - Game world initialized
23:49:09.743 [FXGL Background Thread 1 ] DEBUG PhysicsWorld         - Physics world initialized: appHeight=600, physics.ppm=50,0
23:49:09.743 [FXGL Background Thread 1 ] DEBUG PhysicsWorld         - Using strategy: BRUTE_FORCE
23:49:09.745 [FXGL Background Thread 1 ] DEBUG GameScene            - Game scene initialized: 900x600
23:49:09.753 [FXGL Background Thread 1 ] DEBUG FXGL.DefaultMenu     - createMenuBodyGameMenu()
23:49:09.763 [FXGL Background Thread 1 ] DEBUG FXGL.DefaultMenu     - createOptionsMenu()
23:49:09.770 [FXGL Background Thread 1 ] DEBUG FXGLAssetLoaderServi - Loading from file system: jar:file:/C:/Users/ADMIN/.gradle/caches/modules-2/files-2.1/com.github.almasb/fxgl/21.1/88c288ebc8641e470d974327703f09f8958e725d/fxgl-21.1.jar!/fxglassets/textures/particles/smoke.png
23:49:09.850 [FXGL Background Thread 1 ] DEBUG FXGLAssetLoaderServi - Loading from file system: jar:file:/C:/Users/ADMIN/.gradle/caches/modules-2/files-2.1/com.github.almasb/fxgl/21.1/88c288ebc8641e470d974327703f09f8958e725d/fxgl-21.1.jar!/fxglassets/textures/particles/trace_horizontal.png
23:49:09.867 [FXGL Background Thread 1 ] DEBUG GameApplicationServi - Application scenes initialized
23:49:09.876 [FXGL Background Thread 1 ] DEBUG SystemBundleService  - Loading FXGL system data
23:49:09.879 [FXGL Background Thread 1 ] DEBUG FileSystemAccess     - Reading from: C:\Users\ADMIN\Documents\bounceverse\system\fxgl.bundle
23:49:09.886 [FXGL Background Thread 1 ] DEBUG SystemBundleService  - Bundle FXGL: {}
23:49:09.886 [FXGL Background Thread 1 ] DEBUG UpdaterService       - Checking for updates
23:49:09.889 [FXGL Background Thread 4 ] DEBUG FXGLApplication      - Loading fonts
23:49:09.889 [FXGL Background Thread 4 ] DEBUG FXGLAssetLoaderServi - Loading from file system: jar:file:/C:/Users/ADMIN/.gradle/caches/modules-2/files-2.1/com.github.almasb/fxgl/21.1/88c288ebc8641e470d974327703f09f8958e725d/fxgl-21.1.jar!/fxglassets/ui/fonts/VarelaRound-Regular.ttf
23:49:09.890 [FXGL Background Thread 1 ] DEBUG FXGLApplication      - Loading default localization
23:49:09.891 [FXGL Background Thread 1 ] DEBUG FXGLAssetLoaderServi - Loading from file system: jar:file:/C:/Users/ADMIN/.gradle/caches/modules-2/files-2.1/com.github.almasb/fxgl/21.1/88c288ebc8641e470d974327703f09f8958e725d/fxgl-21.1.jar!/fxglassets/languages/english.lang
23:49:09.919 [FXGL Background Thread 1 ] INFO  FXGLApplication      - FXGL initialization took: 0,338 sec
23:49:09.926 [JavaFX Application Thread] DEBUG Input                - Registered new binding: action0 - A
23:49:09.926 [JavaFX Application Thread] DEBUG Input                - Registered new binding: action1 - D
23:49:09.927 [JavaFX Application Thread] DEBUG Input                - Registered new binding: action2 - Left
23:49:09.927 [JavaFX Application Thread] DEBUG Input                - Registered new binding: action3 - Right
23:49:09.927 [FXGL Background Thread 4 ] DEBUG FXGLAssetLoaderServi - Loading from file system: jar:file:/C:/Users/ADMIN/.gradle/caches/modules-2/files-2.1/com.github.almasb/fxgl/21.1/88c288ebc8641e470d974327703f09f8958e725d/fxgl-21.1.jar!/fxglassets/ui/fonts/Abel-Regular.ttf
23:49:09.927 [JavaFX Application Thread] DEBUG FXGLAssetLoaderServi - Loading from file system: jar:file:/C:/Users/ADMIN/.gradle/caches/modules-2/files-2.1/com.github.almasb/fxgl/21.1/88c288ebc8641e470d974327703f09f8958e725d/fxgl-21.1.jar!/fxglassets/textures/fxgl_icon.png
23:49:09.936 [FXGL Background Thread 4 ] DEBUG FXGLAssetLoaderServi - Loading from file system: jar:file:/C:/Users/ADMIN/.gradle/caches/modules-2/files-2.1/com.github.almasb/fxgl/21.1/88c288ebc8641e470d974327703f09f8958e725d/fxgl-21.1.jar!/fxglassets/ui/fonts/TerminalLandMono-Regular.otf
23:49:09.939 [JavaFX Application Thread] DEBUG FXGLAssetLoaderServi - Loading from file system: jar:file:/C:/Users/ADMIN/.gradle/caches/modules-2/files-2.1/com.github.almasb/fxgl/21.1/88c288ebc8641e470d974327703f09f8958e725d/fxgl-21.1.jar!/fxglassets/textures/fxgl_default_cursor.png
23:49:09.941 [JavaFX Application Thread] DEBUG Input                - Registered new binding: Screenshot - CTRL+8
23:49:09.941 [JavaFX Application Thread] DEBUG Input                - Registered new binding: System info dump - CTRL+9
23:49:09.943 [JavaFX Application Thread] DEBUG Input                - Registered new binding: Restart - CTRL+R
23:49:09.943 [JavaFX Application Thread] DEBUG Input                - Registered new binding: Toggle Debug Camera - CTRL+7
23:49:09.945 [JavaFX Application Thread] DEBUG LoopRunner           - Starting loop
23:49:09.945 [JavaFX Application Thread] DEBUG LoopRunner           - Initializing JavaFX AnimationTimerLoop
23:49:09.946 [JavaFX Application Thread] DEBUG GameApplicationServi - Starting new game
23:49:09.947 [JavaFX Application Thread] DEBUG Input                - Clearing active input actions
23:49:09.947 [FXGL Background Thread 4 ] DEBUG FXGLAssetLoaderServi - Loading from file system: jar:file:/C:/Users/ADMIN/.gradle/caches/modules-2/files-2.1/com.github.almasb/fxgl/21.1/88c288ebc8641e470d974327703f09f8958e725d/fxgl-21.1.jar!/fxglassets/ui/fonts/Courier-Prime.ttf
23:49:09.957 [JavaFX Application Thread] DEBUG GameApplicationServi - Removing overlay from FXGLStartupScene and adding to FXGLLoadingScene
23:49:09.958 [JavaFX Application Thread] DEBUG PrimaryStageWindow   - FXGLStartupScene -> FXGLLoadingScene
23:49:09.958 [JavaFX Application Thread] DEBUG GameApplicationServi - Clearing previous game
23:49:09.958 [JavaFX Application Thread] DEBUG GameScene            - Clearing game scene
23:49:09.958 [JavaFX Application Thread] DEBUG GameWorld            - Clearing game world
23:49:09.958 [JavaFX Application Thread] DEBUG PhysicsWorld         - Clearing physics world
23:49:09.959 [FXGL Background Thread 1 ] DEBUG FXGLApplication      - Initializing game
23:49:10.017 [JavaFX Application Thread] DEBUG FXGLApplication      - Registering font factories with UI factory
23:49:10.037 [FXGL Background Thread 1 ] INFO  FXGLApplication      - Game initialization took: 0,077 sec
23:49:10.085 [JavaFX Application Thread] DEBUG Input                - Clearing active input actions
23:49:10.091 [JavaFX Application Thread] DEBUG GameApplicationServi - Removing overlay from FXGLLoadingScene and adding to GameScene
23:49:10.091 [JavaFX Application Thread] DEBUG PrimaryStageWindow   - FXGLLoadingScene -> GameScene
23:49:12.890 [FXGL Background Thread 3 ] DEBUG Engine               - Logging environment variables
23:49:12.891 [FXGL Background Thread 3 ] DEBUG Engine               - achievements: []
23:49:12.891 [FXGL Background Thread 3 ] DEBUG Engine               - actualHeight: 600.0
23:49:12.892 [FXGL Background Thread 3 ] DEBUG Engine               - actualHeightProperty: ReadOnlyDoubleProperty [value: 600.0]
23:49:12.892 [FXGL Background Thread 3 ] DEBUG Engine               - actualWidth: 900.0
23:49:12.892 [FXGL Background Thread 3 ] DEBUG Engine               - actualWidthProperty: ReadOnlyDoubleProperty [value: 900.0]
23:49:12.892 [FXGL Background Thread 3 ] DEBUG Engine               - appIcon: fxgl_icon.png
23:49:12.892 [FXGL Background Thread 3 ] DEBUG Engine               - applicationMode: DEVELOPER
23:49:12.892 [FXGL Background Thread 3 ] DEBUG Engine               - cSSList: [fxgl_dark.css]
23:49:12.892 [FXGL Background Thread 3 ] DEBUG Engine               - collisionDetectionStrategy: BRUTE_FORCE
23:49:12.892 [FXGL Background Thread 3 ] DEBUG Engine               - configClass: Optional.empty
23:49:12.892 [FXGL Background Thread 3 ] DEBUG Engine               - credits: []
23:49:12.893 [FXGL Background Thread 3 ] DEBUG Engine               - defaultCursor: CursorInfo(imageName=fxgl_default_cursor.png, hotspotX=7.0, hotspotY=6.0)
23:49:12.893 [FXGL Background Thread 3 ] DEBUG Engine               - devBBoxColorProperty: ObjectProperty [value: 0xff0000ff]
23:49:12.893 [FXGL Background Thread 3 ] DEBUG Engine               - devEnableDebugCameraProperty: BooleanProperty [value: false]
23:49:12.893 [FXGL Background Thread 3 ] DEBUG Engine               - devSensorColorProperty: ObjectProperty [value: 0xffff00ff]
23:49:12.893 [FXGL Background Thread 3 ] DEBUG Engine               - devShowBBoxProperty: BooleanProperty [value: false]
23:49:12.893 [FXGL Background Thread 3 ] DEBUG Engine               - devShowPositionProperty: BooleanProperty [value: false]
23:49:12.893 [FXGL Background Thread 3 ] DEBUG Engine               - enabledMenuItems: []
23:49:12.893 [FXGL Background Thread 3 ] DEBUG Engine               - engineServices: [class com.almasb.fxgl.app.services.FXGLAssetLoaderService, class com.almasb.fxgl.app.FXGLApplication$GameApplicationService, class com.almasb.fxgl.app.services.FXGLDialogService, class com.almasb.fxgl.app.services.IOTaskExecutorService, class com.almasb.fxgl.io.FileSystemService, class com.almasb.fxgl.localization.LocalizationService, class com.almasb.fxgl.app.services.SystemBundleService, class com.almasb.fxgl.profile.SaveLoadService, class com.almasb.fxgl.ui.FXGLUIFactoryServiceProvider, class com.almasb.fxgl.ui.FXGLDialogFactoryServiceProvider, class com.almasb.fxgl.audio.AudioPlayer, class com.almasb.fxgl.notification.impl.NotificationServiceProvider, class com.almasb.fxgl.achievement.AchievementService, class com.almasb.fxgl.cutscene.CutsceneService, class com.almasb.fxgl.minigames.MiniGameService, class com.almasb.fxgl.net.NetService, class com.almasb.fxgl.app.services.UpdaterService, class com.almasb.fxgl.dev.DevService]
23:49:12.893 [FXGL Background Thread 3 ] DEBUG Engine               - fontGame: Abel-Regular.ttf
23:49:12.893 [FXGL Background Thread 3 ] DEBUG Engine               - fontMono: TerminalLandMono-Regular.otf
23:49:12.893 [FXGL Background Thread 3 ] DEBUG Engine               - fontSizeScaleUI: 1.0
23:49:12.894 [FXGL Background Thread 3 ] DEBUG Engine               - fontText: Courier-Prime.ttf
23:49:12.894 [FXGL Background Thread 3 ] DEBUG Engine               - fontUI: VarelaRound-Regular.ttf
23:49:12.894 [FXGL Background Thread 3 ] DEBUG Engine               - fullScreen: BooleanProperty [value: false]
23:49:12.894 [FXGL Background Thread 3 ] DEBUG Engine               - gameDifficulty: MEDIUM
23:49:12.894 [FXGL Background Thread 3 ] DEBUG Engine               - gameDifficultyProperty: ObjectProperty [value: MEDIUM]
23:49:12.894 [FXGL Background Thread 3 ] DEBUG Engine               - globalMusicVolume: 0.5
23:49:12.894 [FXGL Background Thread 3 ] DEBUG Engine               - globalMusicVolumeProperty: DoubleProperty [value: 0.5]
23:49:12.894 [FXGL Background Thread 3 ] DEBUG Engine               - globalSoundVolume: 0.5
23:49:12.894 [FXGL Background Thread 3 ] DEBUG Engine               - globalSoundVolumeProperty: DoubleProperty [value: 0.5]
23:49:12.894 [FXGL Background Thread 3 ] DEBUG Engine               - height: 600
23:49:12.894 [FXGL Background Thread 3 ] DEBUG Engine               - is3D: false
23:49:12.894 [FXGL Background Thread 3 ] DEBUG Engine               - isAndroid: false
23:49:12.895 [FXGL Background Thread 3 ] DEBUG Engine               - isBrowser: false
23:49:12.895 [FXGL Background Thread 3 ] DEBUG Engine               - isClickFeedbackEnabled: false
23:49:12.895 [FXGL Background Thread 3 ] DEBUG Engine               - isCloseConfirmation: false
23:49:12.895 [FXGL Background Thread 3 ] DEBUG Engine               - isDesktop: true
23:49:12.895 [FXGL Background Thread 3 ] DEBUG Engine               - isDeveloperMenuEnabled: false
23:49:12.895 [FXGL Background Thread 3 ] DEBUG Engine               - isEmbedded: false
23:49:12.895 [FXGL Background Thread 3 ] DEBUG Engine               - isEntityPreloadEnabled: true
23:49:12.895 [FXGL Background Thread 3 ] DEBUG Engine               - isExperimentalTiledLargeMap: false
23:49:12.895 [FXGL Background Thread 3 ] DEBUG Engine               - isFileSystemWriteAllowed: true
23:49:12.895 [FXGL Background Thread 3 ] DEBUG Engine               - isFullScreenAllowed: false
23:49:12.895 [FXGL Background Thread 3 ] DEBUG Engine               - isFullScreenFromStart: false
23:49:12.895 [FXGL Background Thread 3 ] DEBUG Engine               - isGameMenuEnabled: true
23:49:12.895 [FXGL Background Thread 3 ] DEBUG Engine               - isIOS: false
23:49:12.896 [FXGL Background Thread 3 ] DEBUG Engine               - isIntroEnabled: false
23:49:12.896 [FXGL Background Thread 3 ] DEBUG Engine               - isLinux: false
23:49:12.896 [FXGL Background Thread 3 ] DEBUG Engine               - isMac: false
23:49:12.896 [FXGL Background Thread 3 ] DEBUG Engine               - isMainMenuEnabled: false
23:49:12.896 [FXGL Background Thread 3 ] DEBUG Engine               - isManualResizeEnabled: false
23:49:12.896 [FXGL Background Thread 3 ] DEBUG Engine               - isMobile: false
23:49:12.896 [FXGL Background Thread 3 ] DEBUG Engine               - isNative: false
23:49:12.896 [FXGL Background Thread 3 ] DEBUG Engine               - isPauseMusicWhenMinimized: true
23:49:12.896 [FXGL Background Thread 3 ] DEBUG Engine               - isPreserveResizeRatio: false
23:49:12.896 [FXGL Background Thread 3 ] DEBUG Engine               - isProfilingEnabled: false
23:49:12.896 [FXGL Background Thread 3 ] DEBUG Engine               - isScaleAffectedOnResize: true
23:49:12.896 [FXGL Background Thread 3 ] DEBUG Engine               - isSingleStep: false
23:49:12.896 [FXGL Background Thread 3 ] DEBUG Engine               - isUserProfileEnabled: false
23:49:12.896 [FXGL Background Thread 3 ] DEBUG Engine               - isWindows: true
23:49:12.896 [FXGL Background Thread 3 ] DEBUG Engine               - language: ObjectProperty [value: ENGLISH]
23:49:12.896 [FXGL Background Thread 3 ] DEBUG Engine               - menuKey: ESCAPE
23:49:12.897 [FXGL Background Thread 3 ] DEBUG Engine               - mouseSensitivity: 0.2
23:49:12.897 [FXGL Background Thread 3 ] DEBUG Engine               - notificationViewClass: class com.almasb.fxgl.notification.view.XboxNotificationView
23:49:12.897 [FXGL Background Thread 3 ] DEBUG Engine               - pixelsPerMeter: 50.0
23:49:12.897 [FXGL Background Thread 3 ] DEBUG Engine               - platform: WINDOWS
23:49:12.897 [FXGL Background Thread 3 ] DEBUG Engine               - prefHeightProperty: ReadOnlyDoubleProperty [value: 600.0]
23:49:12.897 [FXGL Background Thread 3 ] DEBUG Engine               - prefWidthProperty: ReadOnlyDoubleProperty [value: 900.0]
23:49:12.897 [FXGL Background Thread 3 ] DEBUG Engine               - profileDir: profiles/
23:49:12.897 [FXGL Background Thread 3 ] DEBUG Engine               - profileName: StringProperty [value: DEFAULT]
23:49:12.897 [FXGL Background Thread 3 ] DEBUG Engine               - randomSeed: -1
23:49:12.897 [FXGL Background Thread 3 ] DEBUG Engine               - runtimeInfo: RuntimeInfo(platform=WINDOWS, version=21.1, build=27.03.2024 07.52)
23:49:12.897 [FXGL Background Thread 3 ] DEBUG Engine               - saveFileExt: sav
23:49:12.897 [FXGL Background Thread 3 ] DEBUG Engine               - scaledHeightProp$fxgl: DoubleProperty [bound, value: 600.0]
23:49:12.897 [FXGL Background Thread 3 ] DEBUG Engine               - scaledWidthProp$fxgl: DoubleProperty [bound, value: 900.0]
23:49:12.897 [FXGL Background Thread 3 ] DEBUG Engine               - sceneFactory: com.github.codestorm.bounceverse.BounceVerseApp$1@6c43fb21
23:49:12.897 [FXGL Background Thread 3 ] DEBUG Engine               - secondsIn24h: 60
23:49:12.898 [FXGL Background Thread 3 ] DEBUG Engine               - soundMenuBack: menu/back.wav
23:49:12.898 [FXGL Background Thread 3 ] DEBUG Engine               - soundMenuPress: menu/press.wav
23:49:12.898 [FXGL Background Thread 3 ] DEBUG Engine               - soundMenuSelect: menu/select.wav
23:49:12.898 [FXGL Background Thread 3 ] DEBUG Engine               - soundNotification: core/notification.wav
23:49:12.898 [FXGL Background Thread 3 ] DEBUG Engine               - stageStyle: DECORATED
23:49:12.898 [FXGL Background Thread 3 ] DEBUG Engine               - supportedLanguages: [ENGLISH, FRENCH, GERMAN, HUNGARIAN, RUSSIAN]
23:49:12.898 [FXGL Background Thread 3 ] DEBUG Engine               - ticksPerSecond: -1
23:49:12.898 [FXGL Background Thread 3 ] DEBUG Engine               - title: Untitled
23:49:12.898 [FXGL Background Thread 3 ] DEBUG Engine               - urlGithub: https://github.com/AlmasB/FXGL
23:49:12.898 [FXGL Background Thread 3 ] DEBUG Engine               - urlLeaderboard: http://fxgl-top.herokuapp.com/
23:49:12.898 [FXGL Background Thread 3 ] DEBUG Engine               - urlPOM: https://raw.githubusercontent.com/AlmasB/FXGL/release/README.md
23:49:12.898 [FXGL Background Thread 3 ] DEBUG Engine               - userAppClass: class com.github.codestorm.bounceverse.BounceVerseApp
23:49:12.898 [FXGL Background Thread 3 ] DEBUG Engine               - version: 0.0
23:49:12.898 [FXGL Background Thread 3 ] DEBUG Engine               - versionCheckDays: 7
23:49:12.898 [FXGL Background Thread 3 ] DEBUG Engine               - width: 900
23:49:12.898 [FXGL Background Thread 3 ] DEBUG Engine               - Logging services
23:49:12.898 [FXGL Background Thread 3 ] DEBUG Engine               - class com.almasb.fxgl.app.services.FXGLAssetLoaderService
23:49:12.898 [FXGL Background Thread 3 ] DEBUG Engine               - class com.almasb.fxgl.app.FXGLApplication$GameApplicationService
23:49:12.898 [FXGL Background Thread 3 ] DEBUG Engine               - class com.almasb.fxgl.app.services.FXGLDialogService
23:49:12.898 [FXGL Background Thread 3 ] DEBUG Engine               - class com.almasb.fxgl.app.services.IOTaskExecutorService
23:49:12.898 [FXGL Background Thread 3 ] DEBUG Engine               - class com.almasb.fxgl.io.FileSystemService
23:49:12.898 [FXGL Background Thread 3 ] DEBUG Engine               - class com.almasb.fxgl.localization.LocalizationService
23:49:12.898 [FXGL Background Thread 3 ] DEBUG Engine               - class com.almasb.fxgl.app.services.SystemBundleService
23:49:12.898 [FXGL Background Thread 3 ] DEBUG Engine               - class com.almasb.fxgl.profile.SaveLoadService
23:49:12.898 [FXGL Background Thread 3 ] DEBUG Engine               - class com.almasb.fxgl.ui.FXGLUIFactoryServiceProvider
23:49:12.898 [FXGL Background Thread 3 ] DEBUG Engine               - class com.almasb.fxgl.ui.FXGLDialogFactoryServiceProvider
23:49:12.898 [FXGL Background Thread 3 ] DEBUG Engine               - class com.almasb.fxgl.audio.AudioPlayer
23:49:12.898 [FXGL Background Thread 3 ] DEBUG Engine               - class com.almasb.fxgl.notification.impl.NotificationServiceProvider
23:49:12.898 [FXGL Background Thread 3 ] DEBUG Engine               - class com.almasb.fxgl.achievement.AchievementService
23:49:12.898 [FXGL Background Thread 3 ] DEBUG Engine               - class com.almasb.fxgl.cutscene.CutsceneService
23:49:12.898 [FXGL Background Thread 3 ] DEBUG Engine               - class com.almasb.fxgl.minigames.MiniGameService
23:49:12.898 [FXGL Background Thread 3 ] DEBUG Engine               - class com.almasb.fxgl.net.NetService
23:49:12.898 [FXGL Background Thread 3 ] DEBUG Engine               - class com.almasb.fxgl.app.services.UpdaterService
23:49:12.898 [FXGL Background Thread 3 ] DEBUG Engine               - class com.almasb.fxgl.dev.DevService
23:49:25.342 [JavaFX Application Thread] DEBUG FXGLApplication      - Exiting FXGL
23:49:25.343 [JavaFX Application Thread] DEBUG LoopRunner           - Stopping loop
23:49:25.343 [JavaFX Application Thread] DEBUG SystemBundleService  - Saving FXGL system data
23:49:25.344 [JavaFX Application Thread] DEBUG FileSystemAccess     - Writing to: C:\Users\ADMIN\Documents\bounceverse\system\fxgl.bundle
23:49:25.346 [JavaFX Application Thread] DEBUG Async                - Shutting down background threads
23:49:25.346 [JavaFX Application Thread] DEBUG PrimaryStageWindow   - Closing main window
23:49:25.358 [JavaFX Application Thread] DEBUG Logger               - Closing Logger
